<?xml version="1.0" encoding="UTF-8"?>
<testsuite name="ab2.Ab2Tests" tests="12" skipped="0" failures="0" errors="0" timestamp="2025-05-25T14:03:36" hostname="FOSWALD86TP" time="0.055">
  <properties/>
  <testcase name="testDeletedSizeAndCurrentSizeTracking()" classname="ab2.Ab2Tests" time="0.022"/>
  <testcase name="testFullTableCondition()" classname="ab2.Ab2Tests" time="0.006"/>
  <testcase name="testOverwriteValue()" classname="ab2.Ab2Tests" time="0.002"/>
  <testcase name="testInsertDeletedIsRejected()" classname="ab2.Ab2Tests" time="0.001"/>
  <testcase name="testIsEmptyAndIsFull()" classname="ab2.Ab2Tests" time="0.002"/>
  <testcase name="testInsertRemoveInsertSameKey()" classname="ab2.Ab2Tests" time="0.003"/>
  <testcase name="testInsertCollisionHandling()" classname="ab2.Ab2Tests" time="0.001"/>
  <testcase name="testStairSearchMatrixA()" classname="ab2.Ab2Tests" time="0.001"/>
  <testcase name="testDeletedSlotsAndReuse()" classname="ab2.Ab2Tests" time="0.002"/>
  <testcase name="testBinaryMatrixB()" classname="ab2.Ab2Tests" time="0.001"/>
  <testcase name="testInsertAndGetSimple()" classname="ab2.Ab2Tests" time="0.0"/>
  <testcase name="testRemoveThenInsertSameKey()" classname="ab2.Ab2Tests" time="0.002"/>
  <system-out><![CDATA[Constructor: AbstractCustomProbingHashTable
getCurrentSize
setCurrentSize, Breakpoint: Setting size to 1
getDeletedSize
Breakpoint: Size set successfully. New size: 1
Breakpoint: Size decremented successfully. New size: 1
getDeletedSize
Breakpoint: Setting size to 1
getCurrentSize
Breakpoint: Size set successfully. New size: 1
Breakpoint: Size incremented successfully. New size: 1
getCurrentSize
getDeletedSize
Constructor: AbstractCustomProbingHashTable
getCurrentSize
getDeletedSize
getCurrentSize
getCurrentSize
setCurrentSize, Breakpoint: Setting size to 8
getDeletedSize
Breakpoint: Size set successfully. New size: 8
Breakpoint: Size decremented successfully. New size: 8
getDeletedSize
Breakpoint: Setting size to 1
getCurrentSize
Breakpoint: Size set successfully. New size: 8
Breakpoint: Size incremented successfully. New size: 1
getCurrentSize
getDeletedSize
getCurrentSize
CurrentSize before: 8
getDeletedSize
DeletedSize before: 1
getDeletedSize
Breakpoint: Setting size to 0
getCurrentSize
Breakpoint: Size set successfully. New size: 8
Breakpoint: Size decremented successfully. New size: 0
getCurrentSize
CurrentSize after: 9
getDeletedSize
DeletedSize after: 0
Wert für key 4: X
getCurrentSize
getDeletedSize
Constructor: AbstractCustomProbingHashTable
Constructor: AbstractCustomProbingHashTable
Constructor: AbstractCustomProbingHashTable
getCurrentSize
getDeletedSize
getCurrentSize
getDeletedSize
Constructor: AbstractCustomProbingHashTable
getCurrentSize
setCurrentSize, Breakpoint: Setting size to 0
getDeletedSize
Breakpoint: Size set successfully. New size: 0
Breakpoint: Size decremented successfully. New size: 0
getDeletedSize
Breakpoint: Setting size to 1
getCurrentSize
Breakpoint: Size set successfully. New size: 0
Breakpoint: Size incremented successfully. New size: 1
getDeletedSize
Breakpoint: Setting size to 0
getCurrentSize
Breakpoint: Size set successfully. New size: 0
Breakpoint: Size decremented successfully. New size: 0
getCurrentSize
getDeletedSize
Constructor: AbstractCustomProbingHashTable
Constructor: AbstractCustomProbingHashTable
Constructor: AbstractCustomProbingHashTable
getCurrentSize
getDeletedSize
getCurrentSize
setCurrentSize, Breakpoint: Setting size to 2
getDeletedSize
Breakpoint: Size set successfully. New size: 2
Breakpoint: Size decremented successfully. New size: 2
getDeletedSize
Breakpoint: Setting size to 1
getCurrentSize
Breakpoint: Size set successfully. New size: 2
Breakpoint: Size incremented successfully. New size: 1
getCurrentSize
setCurrentSize, Breakpoint: Setting size to 1
getDeletedSize
Breakpoint: Size set successfully. New size: 1
Breakpoint: Size decremented successfully. New size: 1
getDeletedSize
Breakpoint: Setting size to 2
getCurrentSize
Breakpoint: Size set successfully. New size: 1
Breakpoint: Size incremented successfully. New size: 2
getCurrentSize
getDeletedSize
getCurrentSize
getDeletedSize
Constructor: AbstractCustomProbingHashTable
Constructor: AbstractCustomProbingHashTable
Constructor: AbstractCustomProbingHashTable
getCurrentSize
setCurrentSize, Breakpoint: Setting size to 0
getDeletedSize
Breakpoint: Size set successfully. New size: 0
Breakpoint: Size decremented successfully. New size: 0
getDeletedSize
Breakpoint: Setting size to 1
getCurrentSize
Breakpoint: Size set successfully. New size: 0
Breakpoint: Size incremented successfully. New size: 1
getDeletedSize
Breakpoint: Setting size to 0
getCurrentSize
Breakpoint: Size set successfully. New size: 0
Breakpoint: Size decremented successfully. New size: 0
]]></system-out>
  <system-err><![CDATA[]]></system-err>
</testsuite>
